Sun Mar  2 16:35:28 2025       
+---------------------------------------------------------------------------------------+
| NVIDIA-SMI 535.216.03             Driver Version: 535.216.03   CUDA Version: 12.2     |
|-----------------------------------------+----------------------+----------------------+
| GPU  Name                 Persistence-M | Bus-Id        Disp.A | Volatile Uncorr. ECC |
| Fan  Temp   Perf          Pwr:Usage/Cap |         Memory-Usage | GPU-Util  Compute M. |
|                                         |                      |               MIG M. |
|=========================================+======================+======================|
|   0  NVIDIA A100 80GB PCIe          On  | 00000000:C2:00.0 Off |                   On |
| N/A   70C    P0             254W / 300W |  21138MiB / 81920MiB |     N/A      Default |
|                                         |                      |              Enabled |
+-----------------------------------------+----------------------+----------------------+

+---------------------------------------------------------------------------------------+
| MIG devices:                                                                          |
+------------------+--------------------------------+-----------+-----------------------+
| GPU  GI  CI  MIG |                   Memory-Usage |        Vol|      Shared           |
|      ID  ID  Dev |                     BAR1-Usage | SM     Unc| CE ENC DEC OFA JPG    |
|                  |                                |        ECC|                       |
|==================+================================+===========+=======================|
|  0    9   0   0  |              12MiB /  9728MiB  | 14      0 |  1   0    0    0    0 |
|                  |               0MiB / 16383MiB  |           |                       |
+------------------+--------------------------------+-----------+-----------------------+
                                                                                         
+---------------------------------------------------------------------------------------+
| Processes:                                                                            |
|  GPU   GI   CI        PID   Type   Process name                            GPU Memory |
|        ID   ID                                                             Usage      |
|=======================================================================================|
|  No running processes found                                                           |
+---------------------------------------------------------------------------------------+
 16:35:29 up 75 days,  2:23,  1 user,  load average: 10.53, 10.43, 10.25
